<?xml version="1.0" encoding="windows-1252" standalone="no"?>
<!DOCTYPE log SYSTEM "logger.dtd">
<log>
<record>
  <date>2017-12-22T17:05:38</date>
  <millis>1513962338954</millis>
  <sequence>0</sequence>
  <logger>org.uma.jmetal.util.JMetalLogger</logger>
  <level>INFO</level>
  <class>org.uma.jmetal.util.JMetalLogger</class>
  <method>configureLoggers</method>
  <thread>12</thread>
  <message>Loggers configured with null</message>
</record>
<record>
  <date>2017-12-22T17:05:38</date>
  <millis>1513962338991</millis>
  <sequence>1</sequence>
  <logger>org.uma.jmetal.util.JMetalLogger</logger>
  <level>INFO</level>
  <class>org.uma.jmetal.util.experiment.component.ExecuteAlgorithms</class>
  <method>run</method>
  <thread>12</thread>
  <message>ExecuteAlgorithms: Preparing output directory</message>
</record>
<record>
  <date>2017-12-22T17:05:39</date>
  <millis>1513962339009</millis>
  <sequence>2</sequence>
  <logger>org.uma.jmetal.util.JMetalLogger</logger>
  <level>INFO</level>
  <class>org.uma.jmetal.util.experiment.util.ExperimentAlgorithm</class>
  <method>runAlgorithm</method>
  <thread>12</thread>
  <message> Running algorithm: NSGAII, problem: AntiSpamFilterProblem, run: 0, funFile: experimentBaseDirectory/AntiSpamStudy/data/NSGAII/AntiSpamFilterProblem/FUN0.tsv</message>
</record>
<record>
  <date>2017-12-22T17:05:41</date>
  <millis>1513962341246</millis>
  <sequence>3</sequence>
  <logger>org.uma.jmetal.util.JMetalLogger</logger>
  <level>INFO</level>
  <class>org.uma.jmetal.util.experiment.util.ExperimentAlgorithm</class>
  <method>runAlgorithm</method>
  <thread>12</thread>
  <message> Running algorithm: NSGAII, problem: AntiSpamFilterProblem, run: 1, funFile: experimentBaseDirectory/AntiSpamStudy/data/NSGAII/AntiSpamFilterProblem/FUN1.tsv</message>
</record>
<record>
  <date>2017-12-22T17:05:43</date>
  <millis>1513962343601</millis>
  <sequence>4</sequence>
  <logger>org.uma.jmetal.util.JMetalLogger</logger>
  <level>INFO</level>
  <class>org.uma.jmetal.util.experiment.util.ExperimentAlgorithm</class>
  <method>runAlgorithm</method>
  <thread>12</thread>
  <message> Running algorithm: NSGAII, problem: AntiSpamFilterProblem, run: 2, funFile: experimentBaseDirectory/AntiSpamStudy/data/NSGAII/AntiSpamFilterProblem/FUN2.tsv</message>
</record>
<record>
  <date>2017-12-22T17:05:45</date>
  <millis>1513962345663</millis>
  <sequence>5</sequence>
  <logger>org.uma.jmetal.util.JMetalLogger</logger>
  <level>INFO</level>
  <class>org.uma.jmetal.util.experiment.util.ExperimentAlgorithm</class>
  <method>runAlgorithm</method>
  <thread>12</thread>
  <message> Running algorithm: NSGAII, problem: AntiSpamFilterProblem, run: 3, funFile: experimentBaseDirectory/AntiSpamStudy/data/NSGAII/AntiSpamFilterProblem/FUN3.tsv</message>
</record>
<record>
  <date>2017-12-22T17:05:47</date>
  <millis>1513962347664</millis>
  <sequence>6</sequence>
  <logger>org.uma.jmetal.util.JMetalLogger</logger>
  <level>INFO</level>
  <class>org.uma.jmetal.util.experiment.util.ExperimentAlgorithm</class>
  <method>runAlgorithm</method>
  <thread>12</thread>
  <message> Running algorithm: NSGAII, problem: AntiSpamFilterProblem, run: 4, funFile: experimentBaseDirectory/AntiSpamStudy/data/NSGAII/AntiSpamFilterProblem/FUN4.tsv</message>
</record>
<record>
  <date>2017-12-22T17:05:49</date>
  <millis>1513962349877</millis>
  <sequence>7</sequence>
  <logger>org.uma.jmetal.util.JMetalLogger</logger>
  <level>INFO</level>
  <class>org.uma.jmetal.util.experiment.component.ComputeQualityIndicators</class>
  <method>run</method>
  <thread>12</thread>
  <message>Computing indicator: HV</message>
</record>
<record>
  <date>2017-12-22T17:05:49</date>
  <millis>1513962349878</millis>
  <sequence>8</sequence>
  <logger>org.uma.jmetal.util.JMetalLogger</logger>
  <level>INFO</level>
  <class>org.uma.jmetal.util.experiment.component.ComputeQualityIndicators</class>
  <method>run</method>
  <thread>12</thread>
  <message>RF: experimentBaseDirectory/referenceFronts/AntiSpamFilterProblem.rf</message>
</record>
<record>
  <date>2017-12-22T17:05:49</date>
  <millis>1513962349885</millis>
  <sequence>9</sequence>
  <logger>org.uma.jmetal.util.JMetalLogger</logger>
  <level>INFO</level>
  <class>org.uma.jmetal.util.experiment.component.ComputeQualityIndicators</class>
  <method>resetFile</method>
  <thread>12</thread>
  <message>File experimentBaseDirectory/AntiSpamStudy/data/NSGAII/AntiSpamFilterProblem/HV exist.</message>
</record>
<record>
  <date>2017-12-22T17:05:49</date>
  <millis>1513962349886</millis>
  <sequence>10</sequence>
  <logger>org.uma.jmetal.util.JMetalLogger</logger>
  <level>INFO</level>
  <class>org.uma.jmetal.util.experiment.component.ComputeQualityIndicators</class>
  <method>resetFile</method>
  <thread>12</thread>
  <message>File experimentBaseDirectory/AntiSpamStudy/data/NSGAII/AntiSpamFilterProblem/HV is a file. Deleting file.</message>
</record>
<record>
  <date>2017-12-22T17:05:49</date>
  <millis>1513962349887</millis>
  <sequence>11</sequence>
  <logger>org.uma.jmetal.util.JMetalLogger</logger>
  <level>INFO</level>
  <class>org.uma.jmetal.util.experiment.component.ComputeQualityIndicators</class>
  <method>resetFile</method>
  <thread>12</thread>
  <message>File succesfully deleted.</message>
</record>
<record>
  <date>2017-12-22T17:05:49</date>
  <millis>1513962349889</millis>
  <sequence>12</sequence>
  <logger>org.uma.jmetal.util.JMetalLogger</logger>
  <level>INFO</level>
  <class>org.uma.jmetal.util.experiment.component.ComputeQualityIndicators</class>
  <method>run</method>
  <thread>12</thread>
  <message>HV: 0.6650948030258375</message>
</record>
<record>
  <date>2017-12-22T17:05:49</date>
  <millis>1513962349894</millis>
  <sequence>13</sequence>
  <logger>org.uma.jmetal.util.JMetalLogger</logger>
  <level>INFO</level>
  <class>org.uma.jmetal.util.experiment.component.ComputeQualityIndicators</class>
  <method>run</method>
  <thread>12</thread>
  <message>HV: 0.5000818678979598</message>
</record>
<record>
  <date>2017-12-22T17:05:49</date>
  <millis>1513962349901</millis>
  <sequence>14</sequence>
  <logger>org.uma.jmetal.util.JMetalLogger</logger>
  <level>INFO</level>
  <class>org.uma.jmetal.util.experiment.component.ComputeQualityIndicators</class>
  <method>run</method>
  <thread>12</thread>
  <message>HV: 0.5984215869273342</message>
</record>
<record>
  <date>2017-12-22T17:05:49</date>
  <millis>1513962349909</millis>
  <sequence>15</sequence>
  <logger>org.uma.jmetal.util.JMetalLogger</logger>
  <level>INFO</level>
  <class>org.uma.jmetal.util.experiment.component.ComputeQualityIndicators</class>
  <method>run</method>
  <thread>12</thread>
  <message>HV: 0.48609883092641704</message>
</record>
<record>
  <date>2017-12-22T17:05:49</date>
  <millis>1513962349923</millis>
  <sequence>16</sequence>
  <logger>org.uma.jmetal.util.JMetalLogger</logger>
  <level>INFO</level>
  <class>org.uma.jmetal.util.experiment.component.ComputeQualityIndicators</class>
  <method>run</method>
  <thread>12</thread>
  <message>HV: 0.6064446409273995</message>
</record>
